<?xml version="1.0" encoding="UTF-8"?>
<!-- Generated by org.testng.reporters.JUnitXMLReporter -->
<testsuite ignored="0" hostname="DESKTOP-UIID4BA" failures="0" tests="4" name="Default test" time="7.778" errors="0" timestamp="2023-06-30T09:58:59 IST">
  <testcase classname="Test_Classes.TestNG_Get_TC1" name="Extractor" time="2.257"/>
  <testcase classname="Test_Classes.TestNG_Patch_TC1" name="Extractor" time="2.741"/>
  <testcase classname="Test_Classes.TestNG_Put_TC1" name="Extractor" time="1.338"/>
  <testcase classname="Test_Classes.TestNG_Post_TC1" name="Extractor" time="1.314"/>
</testsuite> <!-- Default test -->
