<?xml version="1.0" encoding="UTF-8"?>
<!-- Generated by org.testng.reporters.JUnitXMLReporter -->
<testsuite ignored="0" hostname="DESKTOP-UIID4BA" failures="0" tests="4" name="Test" time="8.546" errors="0" timestamp="2023-06-25T13:51:03 IST">
  <testcase classname="Test_Classes.Post_TC1" name="Extractor" time="5.028"/>
  <testcase classname="Test_Classes.Get_TC1" name="Extractor" time="0.544"/>
  <testcase classname="Test_Classes.Put_TC1" name="Extractor" time="1.444"/>
  <testcase classname="Test_Classes.Patch_TC1" name="Extractor" time="1.386"/>
</testsuite> <!-- Test -->
