<?xml version="1.0" encoding="UTF-8"?>
<testng-results ignored="0" total="4" passed="4" failed="0" skipped="0">
  <reporter-output>
  </reporter-output>
  <suite started-at="2023-06-30T09:58:51 IST" name="Default suite" finished-at="2023-06-30T09:58:59 IST" duration-ms="7778">
    <groups>
    </groups>
    <test started-at="2023-06-30T09:58:51 IST" name="Default test" finished-at="2023-06-30T09:58:59 IST" duration-ms="7778">
      <class name="Test_Classes.TestNG_Get_TC1">
        <test-method signature="Extractor()[pri:0, instance:Test_Classes.TestNG_Get_TC1@4ddbbdf8]" started-at="2023-06-30T09:58:51 IST" name="Extractor" finished-at="2023-06-30T09:58:53 IST" duration-ms="2257" status="PASS">
          <reporter-output>
          </reporter-output>
        </test-method> <!-- Extractor -->
      </class> <!-- Test_Classes.TestNG_Get_TC1 -->
      <class name="Test_Classes.TestNG_Put_TC1">
        <test-method signature="Extractor()[pri:0, instance:Test_Classes.TestNG_Put_TC1@6c2ed0cd]" started-at="2023-06-30T09:58:56 IST" name="Extractor" finished-at="2023-06-30T09:58:57 IST" duration-ms="1338" status="PASS">
          <reporter-output>
          </reporter-output>
        </test-method> <!-- Extractor -->
      </class> <!-- Test_Classes.TestNG_Put_TC1 -->
      <class name="Test_Classes.TestNG_Patch_TC1">
        <test-method signature="Extractor()[pri:0, instance:Test_Classes.TestNG_Patch_TC1@1838ccb8]" started-at="2023-06-30T09:58:53 IST" name="Extractor" finished-at="2023-06-30T09:58:56 IST" duration-ms="2741" status="PASS">
          <reporter-output>
          </reporter-output>
        </test-method> <!-- Extractor -->
      </class> <!-- Test_Classes.TestNG_Patch_TC1 -->
      <class name="Test_Classes.TestNG_Post_TC1">
        <test-method signature="Extractor()[pri:0, instance:Test_Classes.TestNG_Post_TC1@f107c50]" started-at="2023-06-30T09:58:57 IST" name="Extractor" finished-at="2023-06-30T09:58:59 IST" duration-ms="1314" status="PASS">
          <reporter-output>
          </reporter-output>
        </test-method> <!-- Extractor -->
      </class> <!-- Test_Classes.TestNG_Post_TC1 -->
    </test> <!-- Default test -->
  </suite> <!-- Default suite -->
</testng-results>
